0 info it worked if it ends with ok
1 verbose cli [ '/Users/esilva/.nvm/versions/node/v4.8.4/bin/node',
1 verbose cli   '/Users/esilva/.nvm/versions/node/v4.8.4/bin/npm',
1 verbose cli   'install',
1 verbose cli   '--save',
1 verbose cli   'ms' ]
2 info using npm@2.15.11
3 info using node@v4.8.4
4 verbose install initial load of /Users/esilva/workspace/studies/react/news-wrapper/package.json
5 warn package.json news-wrapper@1.0.3 No repository field.
6 verbose installManyTop reading scoped package data from /Users/esilva/workspace/studies/react/news-wrapper/node_modules/anymatch/package.json
7 verbose installManyTop reading scoped package data from /Users/esilva/workspace/studies/react/news-wrapper/node_modules/arr-diff/package.json
8 verbose installManyTop reading scoped package data from /Users/esilva/workspace/studies/react/news-wrapper/node_modules/arr-flatten/package.json
9 verbose installManyTop reading scoped package data from /Users/esilva/workspace/studies/react/news-wrapper/node_modules/array-unique/package.json
10 verbose installManyTop reading scoped package data from /Users/esilva/workspace/studies/react/news-wrapper/node_modules/async-each/package.json
11 verbose installManyTop reading scoped package data from /Users/esilva/workspace/studies/react/news-wrapper/node_modules/axios/package.json
12 verbose installManyTop reading scoped package data from /Users/esilva/workspace/studies/react/news-wrapper/node_modules/babel-cli/package.json
13 verbose installManyTop reading scoped package data from /Users/esilva/workspace/studies/react/news-wrapper/node_modules/babel-core/package.json
14 verbose installManyTop reading scoped package data from /Users/esilva/workspace/studies/react/news-wrapper/node_modules/babel-loader/package.json
15 verbose installManyTop reading scoped package data from /Users/esilva/workspace/studies/react/news-wrapper/node_modules/babel-polyfill/package.json
16 verbose installManyTop reading scoped package data from /Users/esilva/workspace/studies/react/news-wrapper/node_modules/babel-preset-es2015/package.json
17 verbose installManyTop reading scoped package data from /Users/esilva/workspace/studies/react/news-wrapper/node_modules/babel-preset-react/package.json
18 verbose installManyTop reading scoped package data from /Users/esilva/workspace/studies/react/news-wrapper/node_modules/babel-preset-stage-0/package.json
19 verbose installManyTop reading scoped package data from /Users/esilva/workspace/studies/react/news-wrapper/node_modules/babel-register/package.json
20 verbose installManyTop reading scoped package data from /Users/esilva/workspace/studies/react/news-wrapper/node_modules/babel-runtime/package.json
21 verbose installManyTop reading scoped package data from /Users/esilva/workspace/studies/react/news-wrapper/node_modules/balanced-match/package.json
22 verbose installManyTop reading scoped package data from /Users/esilva/workspace/studies/react/news-wrapper/node_modules/binary-extensions/package.json
23 verbose installManyTop reading scoped package data from /Users/esilva/workspace/studies/react/news-wrapper/node_modules/brace-expansion/package.json
24 verbose installManyTop reading scoped package data from /Users/esilva/workspace/studies/react/news-wrapper/node_modules/braces/package.json
25 verbose installManyTop reading scoped package data from /Users/esilva/workspace/studies/react/news-wrapper/node_modules/chai/package.json
26 verbose installManyTop reading scoped package data from /Users/esilva/workspace/studies/react/news-wrapper/node_modules/chokidar/package.json
27 verbose installManyTop reading scoped package data from /Users/esilva/workspace/studies/react/news-wrapper/node_modules/commander/package.json
28 verbose installManyTop reading scoped package data from /Users/esilva/workspace/studies/react/news-wrapper/node_modules/concat-map/package.json
29 verbose installManyTop reading scoped package data from /Users/esilva/workspace/studies/react/news-wrapper/node_modules/convert-source-map/package.json
30 verbose installManyTop reading scoped package data from /Users/esilva/workspace/studies/react/news-wrapper/node_modules/core-js/package.json
31 verbose installManyTop reading scoped package data from /Users/esilva/workspace/studies/react/news-wrapper/node_modules/core-util-is/package.json
32 verbose installManyTop reading scoped package data from /Users/esilva/workspace/studies/react/news-wrapper/node_modules/enzyme/package.json
33 verbose installManyTop reading scoped package data from /Users/esilva/workspace/studies/react/news-wrapper/node_modules/enzyme-adapter-react-16/package.json
34 verbose installManyTop reading scoped package data from /Users/esilva/workspace/studies/react/news-wrapper/node_modules/expand-brackets/package.json
35 verbose installManyTop reading scoped package data from /Users/esilva/workspace/studies/react/news-wrapper/node_modules/expand-range/package.json
36 verbose installManyTop reading scoped package data from /Users/esilva/workspace/studies/react/news-wrapper/node_modules/extglob/package.json
37 verbose installManyTop reading scoped package data from /Users/esilva/workspace/studies/react/news-wrapper/node_modules/filename-regex/package.json
38 verbose installManyTop reading scoped package data from /Users/esilva/workspace/studies/react/news-wrapper/node_modules/fill-range/package.json
39 verbose installManyTop reading scoped package data from /Users/esilva/workspace/studies/react/news-wrapper/node_modules/for-in/package.json
40 verbose installManyTop reading scoped package data from /Users/esilva/workspace/studies/react/news-wrapper/node_modules/for-own/package.json
41 verbose installManyTop reading scoped package data from /Users/esilva/workspace/studies/react/news-wrapper/node_modules/fs-readdir-recursive/package.json
42 verbose installManyTop reading scoped package data from /Users/esilva/workspace/studies/react/news-wrapper/node_modules/fs.realpath/package.json
43 verbose installManyTop reading scoped package data from /Users/esilva/workspace/studies/react/news-wrapper/node_modules/fsevents/package.json
44 verbose installManyTop reading scoped package data from /Users/esilva/workspace/studies/react/news-wrapper/node_modules/glob/package.json
45 verbose installManyTop reading scoped package data from /Users/esilva/workspace/studies/react/news-wrapper/node_modules/glob-base/package.json
46 verbose installManyTop reading scoped package data from /Users/esilva/workspace/studies/react/news-wrapper/node_modules/glob-parent/package.json
47 verbose installManyTop reading scoped package data from /Users/esilva/workspace/studies/react/news-wrapper/node_modules/graceful-fs/package.json
48 verbose installManyTop reading scoped package data from /Users/esilva/workspace/studies/react/news-wrapper/node_modules/home-or-tmp/package.json
49 verbose installManyTop reading scoped package data from /Users/esilva/workspace/studies/react/news-wrapper/node_modules/inflight/package.json
50 verbose installManyTop reading scoped package data from /Users/esilva/workspace/studies/react/news-wrapper/node_modules/inherits/package.json
51 verbose installManyTop reading scoped package data from /Users/esilva/workspace/studies/react/news-wrapper/node_modules/is-binary-path/package.json
52 verbose installManyTop reading scoped package data from /Users/esilva/workspace/studies/react/news-wrapper/node_modules/is-buffer/package.json
53 verbose installManyTop reading scoped package data from /Users/esilva/workspace/studies/react/news-wrapper/node_modules/is-dotfile/package.json
54 verbose installManyTop reading scoped package data from /Users/esilva/workspace/studies/react/news-wrapper/node_modules/is-equal-shallow/package.json
55 verbose installManyTop reading scoped package data from /Users/esilva/workspace/studies/react/news-wrapper/node_modules/is-extendable/package.json
56 verbose installManyTop reading scoped package data from /Users/esilva/workspace/studies/react/news-wrapper/node_modules/is-extglob/package.json
57 verbose installManyTop reading scoped package data from /Users/esilva/workspace/studies/react/news-wrapper/node_modules/is-glob/package.json
58 verbose installManyTop reading scoped package data from /Users/esilva/workspace/studies/react/news-wrapper/node_modules/is-number/package.json
59 verbose installManyTop reading scoped package data from /Users/esilva/workspace/studies/react/news-wrapper/node_modules/is-posix-bracket/package.json
60 verbose installManyTop reading scoped package data from /Users/esilva/workspace/studies/react/news-wrapper/node_modules/is-primitive/package.json
61 verbose installManyTop reading scoped package data from /Users/esilva/workspace/studies/react/news-wrapper/node_modules/isarray/package.json
62 verbose installManyTop reading scoped package data from /Users/esilva/workspace/studies/react/news-wrapper/node_modules/isobject/package.json
63 verbose installManyTop reading scoped package data from /Users/esilva/workspace/studies/react/news-wrapper/node_modules/jsdom/package.json
64 verbose installManyTop reading scoped package data from /Users/esilva/workspace/studies/react/news-wrapper/node_modules/kind-of/package.json
65 verbose installManyTop reading scoped package data from /Users/esilva/workspace/studies/react/news-wrapper/node_modules/lodash/package.json
66 verbose installManyTop reading scoped package data from /Users/esilva/workspace/studies/react/news-wrapper/node_modules/micromatch/package.json
67 verbose installManyTop reading scoped package data from /Users/esilva/workspace/studies/react/news-wrapper/node_modules/minimatch/package.json
68 verbose installManyTop reading scoped package data from /Users/esilva/workspace/studies/react/news-wrapper/node_modules/minimist/package.json
69 verbose installManyTop reading scoped package data from /Users/esilva/workspace/studies/react/news-wrapper/node_modules/mkdirp/package.json
70 verbose installManyTop reading scoped package data from /Users/esilva/workspace/studies/react/news-wrapper/node_modules/mocha/package.json
71 verbose installManyTop reading scoped package data from /Users/esilva/workspace/studies/react/news-wrapper/node_modules/moxios/package.json
72 verbose installManyTop reading scoped package data from /Users/esilva/workspace/studies/react/news-wrapper/node_modules/nan/package.json
73 verbose installManyTop reading scoped package data from /Users/esilva/workspace/studies/react/news-wrapper/node_modules/normalize-path/package.json
74 verbose installManyTop reading scoped package data from /Users/esilva/workspace/studies/react/news-wrapper/node_modules/object-assign/package.json
75 verbose installManyTop reading scoped package data from /Users/esilva/workspace/studies/react/news-wrapper/node_modules/object.omit/package.json
76 verbose installManyTop reading scoped package data from /Users/esilva/workspace/studies/react/news-wrapper/node_modules/once/package.json
77 verbose installManyTop reading scoped package data from /Users/esilva/workspace/studies/react/news-wrapper/node_modules/os-homedir/package.json
78 verbose installManyTop reading scoped package data from /Users/esilva/workspace/studies/react/news-wrapper/node_modules/os-tmpdir/package.json
79 verbose installManyTop reading scoped package data from /Users/esilva/workspace/studies/react/news-wrapper/node_modules/output-file-sync/package.json
80 verbose installManyTop reading scoped package data from /Users/esilva/workspace/studies/react/news-wrapper/node_modules/parse-glob/package.json
81 verbose installManyTop reading scoped package data from /Users/esilva/workspace/studies/react/news-wrapper/node_modules/path/package.json
82 verbose installManyTop reading scoped package data from /Users/esilva/workspace/studies/react/news-wrapper/node_modules/path-is-absolute/package.json
83 verbose installManyTop reading scoped package data from /Users/esilva/workspace/studies/react/news-wrapper/node_modules/preserve/package.json
84 verbose installManyTop reading scoped package data from /Users/esilva/workspace/studies/react/news-wrapper/node_modules/process-nextick-args/package.json
85 verbose installManyTop reading scoped package data from /Users/esilva/workspace/studies/react/news-wrapper/node_modules/randomatic/package.json
86 verbose installManyTop reading scoped package data from /Users/esilva/workspace/studies/react/news-wrapper/node_modules/react/package.json
87 verbose installManyTop reading scoped package data from /Users/esilva/workspace/studies/react/news-wrapper/node_modules/react-addons-test-utils/package.json
88 verbose installManyTop reading scoped package data from /Users/esilva/workspace/studies/react/news-wrapper/node_modules/react-dom/package.json
89 verbose installManyTop reading scoped package data from /Users/esilva/workspace/studies/react/news-wrapper/node_modules/readable-stream/package.json
90 verbose installManyTop reading scoped package data from /Users/esilva/workspace/studies/react/news-wrapper/node_modules/readdirp/package.json
91 verbose installManyTop reading scoped package data from /Users/esilva/workspace/studies/react/news-wrapper/node_modules/regenerator-runtime/package.json
92 verbose installManyTop reading scoped package data from /Users/esilva/workspace/studies/react/news-wrapper/node_modules/regex-cache/package.json
93 verbose installManyTop reading scoped package data from /Users/esilva/workspace/studies/react/news-wrapper/node_modules/remove-trailing-separator/package.json
94 verbose installManyTop reading scoped package data from /Users/esilva/workspace/studies/react/news-wrapper/node_modules/repeat-element/package.json
95 verbose installManyTop reading scoped package data from /Users/esilva/workspace/studies/react/news-wrapper/node_modules/repeat-string/package.json
96 verbose installManyTop reading scoped package data from /Users/esilva/workspace/studies/react/news-wrapper/node_modules/rimraf/package.json
97 verbose installManyTop reading scoped package data from /Users/esilva/workspace/studies/react/news-wrapper/node_modules/safe-buffer/package.json
98 verbose installManyTop reading scoped package data from /Users/esilva/workspace/studies/react/news-wrapper/node_modules/set-immediate-shim/package.json
99 verbose installManyTop reading scoped package data from /Users/esilva/workspace/studies/react/news-wrapper/node_modules/sinon/package.json
100 verbose installManyTop reading scoped package data from /Users/esilva/workspace/studies/react/news-wrapper/node_modules/sinon-chai/package.json
101 verbose installManyTop reading scoped package data from /Users/esilva/workspace/studies/react/news-wrapper/node_modules/slash/package.json
102 verbose installManyTop reading scoped package data from /Users/esilva/workspace/studies/react/news-wrapper/node_modules/source-map/package.json
103 verbose installManyTop reading scoped package data from /Users/esilva/workspace/studies/react/news-wrapper/node_modules/source-map-support/package.json
104 verbose installManyTop reading scoped package data from /Users/esilva/workspace/studies/react/news-wrapper/node_modules/string_decoder/package.json
105 verbose installManyTop reading scoped package data from /Users/esilva/workspace/studies/react/news-wrapper/node_modules/user-home/package.json
106 verbose installManyTop reading scoped package data from /Users/esilva/workspace/studies/react/news-wrapper/node_modules/util-deprecate/package.json
107 verbose installManyTop reading scoped package data from /Users/esilva/workspace/studies/react/news-wrapper/node_modules/v8flags/package.json
108 verbose installManyTop reading scoped package data from /Users/esilva/workspace/studies/react/news-wrapper/node_modules/webpack/package.json
109 verbose installManyTop reading scoped package data from /Users/esilva/workspace/studies/react/news-wrapper/node_modules/webpack-dev-server/package.json
110 verbose installManyTop reading scoped package data from /Users/esilva/workspace/studies/react/news-wrapper/node_modules/wrappy/package.json
111 info package.json enzyme@3.2.0 No README data
112 info package.json enzyme-adapter-react-16@1.1.1 No README data
113 info package.json output-file-sync@1.1.2 No README data
114 info package.json path@0.12.7 path is also the name of a node core module.
115 info package.json array-unique@0.2.1 license should be a valid SPDX license expression
116 info package.json glob-base@0.3.0 license should be a valid SPDX license expression
117 info package.json is-primitive@2.0.0 license should be a valid SPDX license expression
118 info package.json preserve@0.2.0 license should be a valid SPDX license expression
119 info package.json repeat-element@1.1.2 license should be a valid SPDX license expression
120 info package.json string_decoder@1.0.3 string_decoder is also the name of a node core module.
121 info package.json v8flags@2.1.1 No license field.
122 verbose readDependencies loading dependencies from /Users/esilva/workspace/studies/react/news-wrapper/package.json
123 silly cache add args [ 'ms', null ]
124 verbose cache add spec ms
125 silly cache add parsed spec Result {
125 silly cache add   raw: 'ms',
125 silly cache add   scope: null,
125 silly cache add   name: 'ms',
125 silly cache add   rawSpec: '',
125 silly cache add   spec: 'latest',
125 silly cache add   type: 'tag' }
126 silly addNamed ms@latest
127 verbose addNamed "latest" is being treated as a dist-tag for ms
128 info addNameTag [ 'ms', 'latest' ]
129 silly mapToRegistry name ms
130 silly mapToRegistry using default registry
131 silly mapToRegistry registry http://registry.npmjs.org/
132 silly mapToRegistry data Result {
132 silly mapToRegistry   raw: 'ms',
132 silly mapToRegistry   scope: null,
132 silly mapToRegistry   name: 'ms',
132 silly mapToRegistry   rawSpec: '',
132 silly mapToRegistry   spec: 'latest',
132 silly mapToRegistry   type: 'tag' }
133 silly mapToRegistry uri http://registry.npmjs.org/ms
134 verbose addNameTag registry:http://registry.npmjs.org/ms not in flight; fetching
135 verbose request uri http://registry.npmjs.org/ms
136 verbose request no auth needed
137 info attempt registry request try #1 at 10:15:16 PM
138 verbose request using bearer token for auth
139 verbose request id f865a75628c4b5e2
140 verbose etag "5a3a757e-48af"
141 verbose lastModified Wed, 20 Dec 2017 14:36:46 GMT
142 http request GET http://registry.npmjs.org/ms
143 http 304 http://registry.npmjs.org/ms
144 verbose headers { date: 'Wed, 27 Dec 2017 01:15:16 GMT',
144 verbose headers   via: '1.1 varnish',
144 verbose headers   'cache-control': 'max-age=300',
144 verbose headers   etag: '"5a3a757e-48af"',
144 verbose headers   age: '7744',
144 verbose headers   connection: 'keep-alive',
144 verbose headers   'x-served-by': 'cache-gru17120-GRU',
144 verbose headers   'x-cache': 'HIT',
144 verbose headers   'x-cache-hits': '60',
144 verbose headers   'x-timer': 'S1514337316.339573,VS0,VE0',
144 verbose headers   vary: 'Accept-Encoding, Accept' }
145 silly get cb [ 304,
145 silly get   { date: 'Wed, 27 Dec 2017 01:15:16 GMT',
145 silly get     via: '1.1 varnish',
145 silly get     'cache-control': 'max-age=300',
145 silly get     etag: '"5a3a757e-48af"',
145 silly get     age: '7744',
145 silly get     connection: 'keep-alive',
145 silly get     'x-served-by': 'cache-gru17120-GRU',
145 silly get     'x-cache': 'HIT',
145 silly get     'x-cache-hits': '60',
145 silly get     'x-timer': 'S1514337316.339573,VS0,VE0',
145 silly get     vary: 'Accept-Encoding, Accept' } ]
146 verbose etag http://registry.npmjs.org/ms from cache
147 verbose get saving ms to /Users/esilva/.npm/registry.npmjs.org/ms/.cache.json
148 verbose correctMkdir /Users/esilva/.npm correctMkdir not in flight; initializing
149 silly addNameTag next cb for ms with tag latest
150 silly addNamed ms@2.1.1
151 verbose addNamed "2.1.1" is a plain semver version for ms
152 silly mapToRegistry name ms
153 silly mapToRegistry using default registry
154 silly mapToRegistry registry http://registry.npmjs.org/
155 silly mapToRegistry data Result {
155 silly mapToRegistry   raw: 'ms',
155 silly mapToRegistry   scope: null,
155 silly mapToRegistry   name: 'ms',
155 silly mapToRegistry   rawSpec: '',
155 silly mapToRegistry   spec: 'latest',
155 silly mapToRegistry   type: 'tag' }
156 silly mapToRegistry uri http://registry.npmjs.org/ms
157 verbose addRemoteTarball http://registry.npmjs.org/ms/-/ms-2.1.1.tgz not in flight; adding
158 verbose addRemoteTarball [ 'http://registry.npmjs.org/ms/-/ms-2.1.1.tgz',
158 verbose addRemoteTarball   '30a5864eb3ebb0a66f2ebe6d727af06a09d86e0a' ]
159 info retry fetch attempt 1 at 10:15:16 PM
160 info attempt registry request try #1 at 10:15:16 PM
161 http fetch GET http://registry.npmjs.org/ms/-/ms-2.1.1.tgz
162 verbose request using bearer token for auth
163 http fetch 200 http://registry.npmjs.org/ms/-/ms-2.1.1.tgz
164 silly fetchAndShaCheck shasum 30a5864eb3ebb0a66f2ebe6d727af06a09d86e0a
165 verbose addTmpTarball /var/folders/tp/h2mtbyyj5nq_k247n8vv2xdm0000gp/T/npm-9650-8341d4a0/registry.npmjs.org/ms/-/ms-2.1.1.tgz not in flight; adding
166 verbose addTmpTarball already have metadata; skipping unpack for ms@2.1.1
167 verbose correctMkdir /Users/esilva/.npm correctMkdir not in flight; initializing
168 silly cache afterAdd ms@2.1.1
169 verbose afterAdd /Users/esilva/.npm/ms/2.1.1/package/package.json not in flight; writing
170 verbose correctMkdir /Users/esilva/.npm correctMkdir not in flight; initializing
171 verbose afterAdd /Users/esilva/.npm/ms/2.1.1/package/package.json written
172 silly install resolved [ { name: 'ms',
172 silly install resolved     version: '2.1.1',
172 silly install resolved     description: 'Tiny millisecond conversion utility',
172 silly install resolved     repository: { type: 'git', url: 'git+https://github.com/zeit/ms.git' },
172 silly install resolved     main: './index',
172 silly install resolved     files: [ 'index.js' ],
172 silly install resolved     scripts:
172 silly install resolved      { precommit: 'lint-staged',
172 silly install resolved        lint: 'eslint lib/* bin/*',
172 silly install resolved        test: 'mocha tests.js' },
172 silly install resolved     eslintConfig: { extends: 'eslint:recommended', env: [Object] },
172 silly install resolved     'lint-staged': { '*.js': [Object] },
172 silly install resolved     license: 'MIT',
172 silly install resolved     devDependencies:
172 silly install resolved      { eslint: '4.12.1',
172 silly install resolved        'expect.js': '0.3.1',
172 silly install resolved        husky: '0.14.3',
172 silly install resolved        'lint-staged': '5.0.0',
172 silly install resolved        mocha: '4.0.1' },
172 silly install resolved     gitHead: 'fe0bae301a6c41f68a01595658a4f4f0dcba0e84',
172 silly install resolved     bugs: { url: 'https://github.com/zeit/ms/issues' },
172 silly install resolved     homepage: 'https://github.com/zeit/ms#readme',
172 silly install resolved     _id: 'ms@2.1.1',
172 silly install resolved     _npmVersion: '5.5.1',
172 silly install resolved     _nodeVersion: '9.2.0',
172 silly install resolved     _npmUser: { name: 'leo', email: 'leo@zeit.co' },
172 silly install resolved     dist:
172 silly install resolved      { integrity: 'sha512-tgp+dl5cGk28utYktBsrFqA7HKgrhgPsg6Z/EfhWI4gl1Hwq8B/GmY/0oXZ6nF8hDVesS/FpnYaD/kOWhYQvyg==',
172 silly install resolved        shasum: '30a5864eb3ebb0a66f2ebe6d727af06a09d86e0a',
172 silly install resolved        tarball: 'https://registry.npmjs.org/ms/-/ms-2.1.1.tgz' },
172 silly install resolved     maintainers: [ [Object], [Object] ],
172 silly install resolved     _npmOperationalInternal:
172 silly install resolved      { host: 's3://npm-registry-packages',
172 silly install resolved        tmp: 'tmp/ms-2.1.1.tgz_1512066615982_0.7117063472978771' },
172 silly install resolved     directories: {},
172 silly install resolved     _shasum: '30a5864eb3ebb0a66f2ebe6d727af06a09d86e0a',
172 silly install resolved     _resolved: 'http://registry.npmjs.org/ms/-/ms-2.1.1.tgz',
172 silly install resolved     _from: 'ms@latest' } ]
173 info install ms@2.1.1 into /Users/esilva/workspace/studies/react/news-wrapper
174 info installOne ms@2.1.1
175 verbose installOne of ms to /Users/esilva/workspace/studies/react/news-wrapper not in flight; installing
176 verbose correctMkdir /Users/esilva/.npm/_locks correctMkdir not in flight; initializing
177 verbose lock using /Users/esilva/.npm/_locks/ms-e45e0ce5069337eb.lock for /Users/esilva/workspace/studies/react/news-wrapper/node_modules/ms
178 silly install write writing ms 2.1.1 to /Users/esilva/workspace/studies/react/news-wrapper/node_modules/ms
179 verbose unbuild node_modules/ms
180 silly gentlyRm /Users/esilva/workspace/studies/react/news-wrapper/node_modules/ms is being purged from base /Users/esilva/workspace/studies/react/news-wrapper
181 verbose gentlyRm don't care about contents; nuking /Users/esilva/workspace/studies/react/news-wrapper/node_modules/ms
182 verbose tar unpack /Users/esilva/.npm/ms/2.1.1/package.tgz
183 verbose tar unpacking to /Users/esilva/workspace/studies/react/news-wrapper/node_modules/ms
184 silly gentlyRm /Users/esilva/workspace/studies/react/news-wrapper/node_modules/ms is being purged
185 verbose gentlyRm don't care about contents; nuking /Users/esilva/workspace/studies/react/news-wrapper/node_modules/ms
186 silly gunzTarPerm modes [ '755', '644' ]
187 silly gunzTarPerm extractEntry package.json
188 silly gunzTarPerm extractEntry index.js
189 silly gunzTarPerm extractEntry license.md
190 silly gunzTarPerm extractEntry readme.md
191 verbose write writing to /Users/esilva/workspace/studies/react/news-wrapper/node_modules/ms/package.json
192 info preinstall ms@2.1.1
193 verbose readDependencies loading dependencies from /Users/esilva/workspace/studies/react/news-wrapper/node_modules/ms/package.json
194 verbose readDependencies loading dependencies from /Users/esilva/workspace/studies/react/news-wrapper/node_modules/ms/package.json
195 silly install resolved []
196 verbose about to build /Users/esilva/workspace/studies/react/news-wrapper/node_modules/ms
197 info build /Users/esilva/workspace/studies/react/news-wrapper/node_modules/ms
198 info linkStuff ms@2.1.1
199 silly linkStuff ms@2.1.1 has /Users/esilva/workspace/studies/react/news-wrapper/node_modules as its parent node_modules
200 verbose linkBins ms@2.1.1
201 verbose linkMans ms@2.1.1
202 verbose rebuildBundles ms@2.1.1
203 info install ms@2.1.1
204 info postinstall ms@2.1.1
205 verbose unlock done using /Users/esilva/.npm/_locks/ms-e45e0ce5069337eb.lock for /Users/esilva/workspace/studies/react/news-wrapper/node_modules/ms
206 verbose validateInstall loading /Users/esilva/workspace/studies/react/news-wrapper/package.json for validation
207 verbose stack Error: The package react-dom@16.2.0 does not satisfy its siblings' peerDependencies requirements!
207 verbose stack     at /Users/esilva/.nvm/versions/node/v4.8.4/lib/node_modules/npm/lib/install.js:125:32
207 verbose stack     at /Users/esilva/.nvm/versions/node/v4.8.4/lib/node_modules/npm/lib/install.js:268:7
207 verbose stack     at /Users/esilva/.nvm/versions/node/v4.8.4/lib/node_modules/npm/node_modules/read-installed/read-installed.js:142:5
207 verbose stack     at /Users/esilva/.nvm/versions/node/v4.8.4/lib/node_modules/npm/node_modules/read-installed/read-installed.js:263:14
207 verbose stack     at cb (/Users/esilva/.nvm/versions/node/v4.8.4/lib/node_modules/npm/node_modules/slide/lib/async-map.js:47:24)
207 verbose stack     at /Users/esilva/.nvm/versions/node/v4.8.4/lib/node_modules/npm/node_modules/read-installed/read-installed.js:263:14
207 verbose stack     at cb (/Users/esilva/.nvm/versions/node/v4.8.4/lib/node_modules/npm/node_modules/slide/lib/async-map.js:47:24)
207 verbose stack     at /Users/esilva/.nvm/versions/node/v4.8.4/lib/node_modules/npm/node_modules/read-installed/read-installed.js:263:14
207 verbose stack     at cb (/Users/esilva/.nvm/versions/node/v4.8.4/lib/node_modules/npm/node_modules/slide/lib/async-map.js:47:24)
207 verbose stack     at /Users/esilva/.nvm/versions/node/v4.8.4/lib/node_modules/npm/node_modules/read-installed/read-installed.js:263:14
208 verbose cwd /Users/esilva/workspace/studies/react/news-wrapper
209 error Darwin 17.3.0
210 error argv "/Users/esilva/.nvm/versions/node/v4.8.4/bin/node" "/Users/esilva/.nvm/versions/node/v4.8.4/bin/npm" "install" "--save" "ms"
211 error node v4.8.4
212 error npm  v2.15.11
213 error code EPEERINVALID
214 error peerinvalid The package react-dom@16.2.0 does not satisfy its siblings' peerDependencies requirements!
214 error peerinvalid Peer react-addons-test-utils@15.6.2 wants react-dom@^15.4.2
214 error peerinvalid Peer enzyme-adapter-react-16@1.1.1 wants react-dom@^16.0.0-0
215 verbose exit [ 1, true ]
